{"/mnt/c/development/Redux/Source Code/redux-starter/src/math.js": {"path":"/mnt/c/development/Redux/Source Code/redux-starter/src/math.js","statementMap":{"0":{"start":{"line":1,"column":22},"end":{"line":1,"column":47}},"1":{"start":{"line":1,"column":32},"end":{"line":1,"column":47}}},"fnMap":{"0":{"name":"(anonymous_0)","decl":{"start":{"line":1,"column":22},"end":{"line":1,"column":23}},"loc":{"start":{"line":1,"column":32},"end":{"line":1,"column":47}},"line":1}},"branchMap":{},"s":{"0":1,"1":2},"f":{"0":2},"b":{},"_coverageSchema":"1a1c01bbd47fc00a2c39e90264f33305004495a9","hash":"28d65919cee58bbcdd787c19d4e38a4abf007d58"}
,"/mnt/c/development/Redux/Source Code/redux-starter/src/store/api.js": {"path":"/mnt/c/development/Redux/Source Code/redux-starter/src/store/api.js","statementMap":{"0":{"start":{"line":4,"column":28},"end":{"line":4,"column":57}},"1":{"start":{"line":5,"column":30},"end":{"line":5,"column":61}},"2":{"start":{"line":6,"column":29},"end":{"line":6,"column":59}}},"fnMap":{},"branchMap":{},"s":{"0":1,"1":1,"2":1},"f":{},"b":{},"_coverageSchema":"1a1c01bbd47fc00a2c39e90264f33305004495a9","hash":"8a39466937f95d89771baf9e206b1a805e43d347"}
,"/mnt/c/development/Redux/Source Code/redux-starter/src/store/bugs.js": {"path":"/mnt/c/development/Redux/Source Code/redux-starter/src/store/bugs.js","statementMap":{"0":{"start":{"line":15,"column":14},"end":{"line":60,"column":2}},"1":{"start":{"line":27,"column":12},"end":{"line":27,"column":32}},"2":{"start":{"line":31,"column":12},"end":{"line":31,"column":33}},"3":{"start":{"line":34,"column":12},"end":{"line":34,"column":42}},"4":{"start":{"line":36,"column":12},"end":{"line":36,"column":39}},"5":{"start":{"line":37,"column":12},"end":{"line":37,"column":33}},"6":{"start":{"line":38,"column":12},"end":{"line":38,"column":39}},"7":{"start":{"line":42,"column":26},"end":{"line":42,"column":82}},"8":{"start":{"line":42,"column":53},"end":{"line":42,"column":81}},"9":{"start":{"line":43,"column":12},"end":{"line":44,"column":49}},"10":{"start":{"line":44,"column":16},"end":{"line":44,"column":49}},"11":{"start":{"line":47,"column":12},"end":{"line":47,"column":62}},"12":{"start":{"line":47,"column":32},"end":{"line":47,"column":60}},"13":{"start":{"line":50,"column":12},"end":{"line":50,"column":39}},"14":{"start":{"line":51,"column":43},"end":{"line":51,"column":57}},"15":{"start":{"line":52,"column":26},"end":{"line":52,"column":70}},"16":{"start":{"line":52,"column":53},"end":{"line":52,"column":69}},"17":{"start":{"line":54,"column":16},"end":{"line":54,"column":48}},"18":{"start":{"line":64,"column":103},"end":{"line":64,"column":116}},"19":{"start":{"line":67,"column":12},"end":{"line":67,"column":19}},"20":{"start":{"line":71,"column":23},"end":{"line":86,"column":1}},"21":{"start":{"line":71,"column":28},"end":{"line":86,"column":1}},"22":{"start":{"line":72,"column":24},"end":{"line":72,"column":48}},"23":{"start":{"line":75,"column":26},"end":{"line":75,"column":69}},"24":{"start":{"line":76,"column":4},"end":{"line":76,"column":37}},"25":{"start":{"line":76,"column":30},"end":{"line":76,"column":37}},"26":{"start":{"line":77,"column":4},"end":{"line":77,"column":27}},"27":{"start":{"line":78,"column":4},"end":{"line":85,"column":6}},"28":{"start":{"line":97,"column":23},"end":{"line":102,"column":2}},"29":{"start":{"line":97,"column":30},"end":{"line":102,"column":2}},"30":{"start":{"line":105,"column":25},"end":{"line":110,"column":2}},"31":{"start":{"line":105,"column":43},"end":{"line":110,"column":2}},"32":{"start":{"line":112,"column":26},"end":{"line":117,"column":2}},"33":{"start":{"line":112,"column":35},"end":{"line":117,"column":2}},"34":{"start":{"line":124,"column":33},"end":{"line":127,"column":1}},"35":{"start":{"line":125,"column":13},"end":{"line":125,"column":32}},"36":{"start":{"line":126,"column":12},"end":{"line":126,"column":50}},"37":{"start":{"line":126,"column":36},"end":{"line":126,"column":49}},"38":{"start":{"line":130,"column":33},"end":{"line":134,"column":1}},"39":{"start":{"line":130,"column":43},"end":{"line":134,"column":1}},"40":{"start":{"line":132,"column":13},"end":{"line":132,"column":32}},"41":{"start":{"line":133,"column":12},"end":{"line":133,"column":58}},"42":{"start":{"line":133,"column":36},"end":{"line":133,"column":57}}},"fnMap":{"0":{"name":"(anonymous_0)","decl":{"start":{"line":25,"column":24},"end":{"line":25,"column":25}},"loc":{"start":{"line":25,"column":39},"end":{"line":28,"column":9}},"line":25},"1":{"name":"(anonymous_1)","decl":{"start":{"line":29,"column":28},"end":{"line":29,"column":29}},"loc":{"start":{"line":29,"column":43},"end":{"line":32,"column":9}},"line":29},"2":{"name":"(anonymous_2)","decl":{"start":{"line":33,"column":18},"end":{"line":33,"column":19}},"loc":{"start":{"line":33,"column":36},"end":{"line":34,"column":43}},"line":33},"3":{"name":"(anonymous_3)","decl":{"start":{"line":35,"column":23},"end":{"line":35,"column":24}},"loc":{"start":{"line":35,"column":38},"end":{"line":40,"column":9}},"line":35},"4":{"name":"(anonymous_4)","decl":{"start":{"line":41,"column":21},"end":{"line":41,"column":22}},"loc":{"start":{"line":41,"column":38},"end":{"line":45,"column":9}},"line":41},"5":{"name":"(anonymous_5)","decl":{"start":{"line":42,"column":46},"end":{"line":42,"column":47}},"loc":{"start":{"line":42,"column":53},"end":{"line":42,"column":81}},"line":42},"6":{"name":"(anonymous_6)","decl":{"start":{"line":46,"column":21},"end":{"line":46,"column":22}},"loc":{"start":{"line":46,"column":36},"end":{"line":48,"column":9}},"line":46},"7":{"name":"(anonymous_7)","decl":{"start":{"line":47,"column":25},"end":{"line":47,"column":26}},"loc":{"start":{"line":47,"column":32},"end":{"line":47,"column":60}},"line":47},"8":{"name":"(anonymous_8)","decl":{"start":{"line":49,"column":22},"end":{"line":49,"column":23}},"loc":{"start":{"line":49,"column":38},"end":{"line":56,"column":9}},"line":49},"9":{"name":"(anonymous_9)","decl":{"start":{"line":52,"column":46},"end":{"line":52,"column":47}},"loc":{"start":{"line":52,"column":53},"end":{"line":52,"column":69}},"line":52},"10":{"name":"(anonymous_10)","decl":{"start":{"line":71,"column":23},"end":{"line":71,"column":24}},"loc":{"start":{"line":71,"column":28},"end":{"line":86,"column":1}},"line":71},"11":{"name":"(anonymous_11)","decl":{"start":{"line":71,"column":28},"end":{"line":71,"column":29}},"loc":{"start":{"line":71,"column":49},"end":{"line":86,"column":1}},"line":71},"12":{"name":"(anonymous_12)","decl":{"start":{"line":97,"column":23},"end":{"line":97,"column":24}},"loc":{"start":{"line":97,"column":30},"end":{"line":102,"column":2}},"line":97},"13":{"name":"(anonymous_13)","decl":{"start":{"line":105,"column":25},"end":{"line":105,"column":26}},"loc":{"start":{"line":105,"column":43},"end":{"line":110,"column":2}},"line":105},"14":{"name":"(anonymous_14)","decl":{"start":{"line":112,"column":26},"end":{"line":112,"column":27}},"loc":{"start":{"line":112,"column":35},"end":{"line":117,"column":2}},"line":112},"15":{"name":"(anonymous_15)","decl":{"start":{"line":125,"column":4},"end":{"line":125,"column":5}},"loc":{"start":{"line":125,"column":13},"end":{"line":125,"column":32}},"line":125},"16":{"name":"(anonymous_16)","decl":{"start":{"line":126,"column":4},"end":{"line":126,"column":5}},"loc":{"start":{"line":126,"column":12},"end":{"line":126,"column":50}},"line":126},"17":{"name":"(anonymous_17)","decl":{"start":{"line":126,"column":29},"end":{"line":126,"column":30}},"loc":{"start":{"line":126,"column":36},"end":{"line":126,"column":49}},"line":126},"18":{"name":"(anonymous_18)","decl":{"start":{"line":130,"column":33},"end":{"line":130,"column":34}},"loc":{"start":{"line":130,"column":43},"end":{"line":134,"column":1}},"line":130},"19":{"name":"(anonymous_19)","decl":{"start":{"line":132,"column":4},"end":{"line":132,"column":5}},"loc":{"start":{"line":132,"column":13},"end":{"line":132,"column":32}},"line":132},"20":{"name":"(anonymous_20)","decl":{"start":{"line":133,"column":4},"end":{"line":133,"column":5}},"loc":{"start":{"line":133,"column":12},"end":{"line":133,"column":58}},"line":133},"21":{"name":"(anonymous_21)","decl":{"start":{"line":133,"column":29},"end":{"line":133,"column":30}},"loc":{"start":{"line":133,"column":36},"end":{"line":133,"column":57}},"line":133}},"branchMap":{"0":{"loc":{"start":{"line":43,"column":12},"end":{"line":44,"column":49}},"type":"if","locations":[{"start":{"line":43,"column":12},"end":{"line":44,"column":49}},{"start":{"line":43,"column":12},"end":{"line":44,"column":49}}],"line":43},"1":{"loc":{"start":{"line":76,"column":4},"end":{"line":76,"column":37}},"type":"if","locations":[{"start":{"line":76,"column":4},"end":{"line":76,"column":37}},{"start":{"line":76,"column":4},"end":{"line":76,"column":37}}],"line":76}},"s":{"0":1,"1":0,"2":0,"3":1,"4":0,"5":0,"6":0,"7":0,"8":0,"9":0,"10":0,"11":0,"12":0,"13":0,"14":0,"15":0,"16":0,"17":0,"18":1,"19":1,"20":1,"21":0,"22":0,"23":0,"24":0,"25":0,"26":0,"27":0,"28":1,"29":2,"30":1,"31":0,"32":1,"33":0,"34":1,"35":0,"36":0,"37":0,"38":1,"39":0,"40":0,"41":0,"42":0},"f":{"0":0,"1":0,"2":1,"3":0,"4":0,"5":0,"6":0,"7":0,"8":0,"9":0,"10":0,"11":0,"12":2,"13":0,"14":0,"15":0,"16":0,"17":0,"18":0,"19":0,"20":0,"21":0},"b":{"0":[0,0],"1":[0,0]},"_coverageSchema":"1a1c01bbd47fc00a2c39e90264f33305004495a9","hash":"bf4fc291450b12643020e32426e4fde2028cc22a"}
,"/mnt/c/development/Redux/Source Code/redux-starter/src/store/configureStore.js": {"path":"/mnt/c/development/Redux/Source Code/redux-starter/src/store/configureStore.js","statementMap":{"0":{"start":{"line":15,"column":5},"end":{"line":16,"column":96}}},"fnMap":{"0":{"name":"(anonymous_0)","decl":{"start":{"line":14,"column":15},"end":{"line":14,"column":16}},"loc":{"start":{"line":14,"column":26},"end":{"line":17,"column":1}},"line":14}},"branchMap":{},"s":{"0":2},"f":{"0":2},"b":{},"_coverageSchema":"1a1c01bbd47fc00a2c39e90264f33305004495a9","hash":"aec5aedea842f35985fea05d0d4aa46113407de6"}
,"/mnt/c/development/Redux/Source Code/redux-starter/src/store/entities.js": {"path":"/mnt/c/development/Redux/Source Code/redux-starter/src/store/entities.js","statementMap":{},"fnMap":{},"branchMap":{},"s":{},"f":{},"b":{},"_coverageSchema":"1a1c01bbd47fc00a2c39e90264f33305004495a9","hash":"f425d1c1e6add6c86fc31ad3aef97086b42feb40"}
,"/mnt/c/development/Redux/Source Code/redux-starter/src/store/projects.js": {"path":"/mnt/c/development/Redux/Source Code/redux-starter/src/store/projects.js","statementMap":{"0":{"start":{"line":4,"column":13},"end":{"line":4,"column":14}},"1":{"start":{"line":6,"column":14},"end":{"line":18,"column":2}},"2":{"start":{"line":12,"column":6},"end":{"line":15,"column":9}},"3":{"start":{"line":20,"column":32},"end":{"line":20,"column":45}}},"fnMap":{"0":{"name":"(anonymous_0)","decl":{"start":{"line":11,"column":18},"end":{"line":11,"column":19}},"loc":{"start":{"line":11,"column":40},"end":{"line":16,"column":5}},"line":11}},"branchMap":{},"s":{"0":1,"1":1,"2":0,"3":1},"f":{"0":0},"b":{},"_coverageSchema":"1a1c01bbd47fc00a2c39e90264f33305004495a9","hash":"e62bbbacf8ce0403ae83bc0b28d9df37d3fb7abc"}
,"/mnt/c/development/Redux/Source Code/redux-starter/src/store/reducer.js": {"path":"/mnt/c/development/Redux/Source Code/redux-starter/src/store/reducer.js","statementMap":{},"fnMap":{},"branchMap":{},"s":{},"f":{},"b":{},"_coverageSchema":"1a1c01bbd47fc00a2c39e90264f33305004495a9","hash":"7ff1c703c92bb83a4933a04878321a9d9565d3ca"}
,"/mnt/c/development/Redux/Source Code/redux-starter/src/store/users.js": {"path":"/mnt/c/development/Redux/Source Code/redux-starter/src/store/users.js","statementMap":{"0":{"start":{"line":3,"column":13},"end":{"line":3,"column":14}},"1":{"start":{"line":5,"column":14},"end":{"line":17,"column":2}},"2":{"start":{"line":11,"column":6},"end":{"line":14,"column":9}},"3":{"start":{"line":19,"column":29},"end":{"line":19,"column":42}}},"fnMap":{"0":{"name":"(anonymous_0)","decl":{"start":{"line":10,"column":15},"end":{"line":10,"column":16}},"loc":{"start":{"line":10,"column":34},"end":{"line":15,"column":5}},"line":10}},"branchMap":{},"s":{"0":1,"1":1,"2":0,"3":1},"f":{"0":0},"b":{},"_coverageSchema":"1a1c01bbd47fc00a2c39e90264f33305004495a9","hash":"569fe056efc4efccfcfc30ba18eb20228bfc6ed8"}
,"/mnt/c/development/Redux/Source Code/redux-starter/src/store/middleware/api.js": {"path":"/mnt/c/development/Redux/Source Code/redux-starter/src/store/middleware/api.js","statementMap":{"0":{"start":{"line":7,"column":12},"end":{"line":41,"column":3}},"1":{"start":{"line":7,"column":30},"end":{"line":41,"column":3}},"2":{"start":{"line":7,"column":38},"end":{"line":41,"column":3}},"3":{"start":{"line":8,"column":4},"end":{"line":8,"column":71}},"4":{"start":{"line":8,"column":51},"end":{"line":8,"column":71}},"5":{"start":{"line":10,"column":63},"end":{"line":10,"column":77}},"6":{"start":{"line":12,"column":4},"end":{"line":12,"column":45}},"7":{"start":{"line":12,"column":17},"end":{"line":12,"column":45}},"8":{"start":{"line":14,"column":4},"end":{"line":14,"column":17}},"9":{"start":{"line":16,"column":4},"end":{"line":38,"column":5}},"10":{"start":{"line":17,"column":23},"end":{"line":22,"column":8}},"11":{"start":{"line":26,"column":6},"end":{"line":26,"column":54}},"12":{"start":{"line":29,"column":6},"end":{"line":30,"column":62}},"13":{"start":{"line":30,"column":8},"end":{"line":30,"column":62}},"14":{"start":{"line":33,"column":6},"end":{"line":33,"column":53}},"15":{"start":{"line":36,"column":6},"end":{"line":37,"column":60}},"16":{"start":{"line":37,"column":8},"end":{"line":37,"column":60}}},"fnMap":{"0":{"name":"(anonymous_0)","decl":{"start":{"line":7,"column":12},"end":{"line":7,"column":13}},"loc":{"start":{"line":7,"column":30},"end":{"line":41,"column":3}},"line":7},"1":{"name":"(anonymous_1)","decl":{"start":{"line":7,"column":30},"end":{"line":7,"column":31}},"loc":{"start":{"line":7,"column":38},"end":{"line":41,"column":3}},"line":7},"2":{"name":"(anonymous_2)","decl":{"start":{"line":7,"column":38},"end":{"line":7,"column":39}},"loc":{"start":{"line":7,"column":54},"end":{"line":41,"column":3}},"line":7}},"branchMap":{"0":{"loc":{"start":{"line":8,"column":4},"end":{"line":8,"column":71}},"type":"if","locations":[{"start":{"line":8,"column":4},"end":{"line":8,"column":71}},{"start":{"line":8,"column":4},"end":{"line":8,"column":71}}],"line":8},"1":{"loc":{"start":{"line":12,"column":4},"end":{"line":12,"column":45}},"type":"if","locations":[{"start":{"line":12,"column":4},"end":{"line":12,"column":45}},{"start":{"line":12,"column":4},"end":{"line":12,"column":45}}],"line":12},"2":{"loc":{"start":{"line":29,"column":6},"end":{"line":30,"column":62}},"type":"if","locations":[{"start":{"line":29,"column":6},"end":{"line":30,"column":62}},{"start":{"line":29,"column":6},"end":{"line":30,"column":62}}],"line":29},"3":{"loc":{"start":{"line":36,"column":6},"end":{"line":37,"column":60}},"type":"if","locations":[{"start":{"line":36,"column":6},"end":{"line":37,"column":60}},{"start":{"line":36,"column":6},"end":{"line":37,"column":60}}],"line":36}},"s":{"0":1,"1":2,"2":2,"3":5,"4":3,"5":2,"6":2,"7":0,"8":2,"9":2,"10":2,"11":1,"12":1,"13":1,"14":1,"15":1,"16":0},"f":{"0":2,"1":2,"2":5},"b":{"0":[3,2],"1":[0,2],"2":[1,0],"3":[0,1]},"_coverageSchema":"1a1c01bbd47fc00a2c39e90264f33305004495a9","hash":"a8c353817d8feb75d40f4c3e8f12bf5a480dd7b6"}
,"/mnt/c/development/Redux/Source Code/redux-starter/src/store/middleware/logger.js": {"path":"/mnt/c/development/Redux/Source Code/redux-starter/src/store/middleware/logger.js","statementMap":{"0":{"start":{"line":4,"column":15},"end":{"line":11,"column":1}},"1":{"start":{"line":4,"column":24},"end":{"line":11,"column":1}},"2":{"start":{"line":4,"column":33},"end":{"line":11,"column":1}},"3":{"start":{"line":4,"column":41},"end":{"line":11,"column":1}},"4":{"start":{"line":7,"column":4},"end":{"line":7,"column":23}},"5":{"start":{"line":9,"column":4},"end":{"line":9,"column":24}}},"fnMap":{"0":{"name":"(anonymous_0)","decl":{"start":{"line":4,"column":15},"end":{"line":4,"column":16}},"loc":{"start":{"line":4,"column":24},"end":{"line":11,"column":1}},"line":4},"1":{"name":"(anonymous_1)","decl":{"start":{"line":4,"column":24},"end":{"line":4,"column":25}},"loc":{"start":{"line":4,"column":33},"end":{"line":11,"column":1}},"line":4},"2":{"name":"(anonymous_2)","decl":{"start":{"line":4,"column":33},"end":{"line":4,"column":34}},"loc":{"start":{"line":4,"column":41},"end":{"line":11,"column":1}},"line":4},"3":{"name":"(anonymous_3)","decl":{"start":{"line":4,"column":41},"end":{"line":4,"column":42}},"loc":{"start":{"line":4,"column":49},"end":{"line":11,"column":1}},"line":4}},"branchMap":{},"s":{"0":1,"1":2,"2":2,"3":2,"4":5,"5":5},"f":{"0":2,"1":2,"2":2,"3":5},"b":{},"_coverageSchema":"1a1c01bbd47fc00a2c39e90264f33305004495a9","hash":"b4d1bde59342cc634a91a7b2aef925390317bd4e"}
,"/mnt/c/development/Redux/Source Code/redux-starter/src/store/middleware/toastify.js": {"path":"/mnt/c/development/Redux/Source Code/redux-starter/src/store/middleware/toastify.js","statementMap":{"0":{"start":{"line":4,"column":18},"end":{"line":11,"column":1}},"1":{"start":{"line":4,"column":43},"end":{"line":11,"column":1}},"2":{"start":{"line":4,"column":51},"end":{"line":11,"column":1}},"3":{"start":{"line":6,"column":4},"end":{"line":8,"column":5}},"4":{"start":{"line":7,"column":8},"end":{"line":7,"column":44}},"5":{"start":{"line":10,"column":4},"end":{"line":10,"column":24}}},"fnMap":{"0":{"name":"(anonymous_0)","decl":{"start":{"line":4,"column":18},"end":{"line":4,"column":19}},"loc":{"start":{"line":4,"column":43},"end":{"line":11,"column":1}},"line":4},"1":{"name":"(anonymous_1)","decl":{"start":{"line":4,"column":43},"end":{"line":4,"column":44}},"loc":{"start":{"line":4,"column":51},"end":{"line":11,"column":1}},"line":4},"2":{"name":"(anonymous_2)","decl":{"start":{"line":4,"column":51},"end":{"line":4,"column":52}},"loc":{"start":{"line":4,"column":59},"end":{"line":11,"column":1}},"line":4}},"branchMap":{"0":{"loc":{"start":{"line":6,"column":4},"end":{"line":8,"column":5}},"type":"if","locations":[{"start":{"line":6,"column":4},"end":{"line":8,"column":5}},{"start":{"line":6,"column":4},"end":{"line":8,"column":5}}],"line":6}},"s":{"0":1,"1":2,"2":2,"3":5,"4":0,"5":5},"f":{"0":2,"1":2,"2":5},"b":{"0":[0,5]},"_coverageSchema":"1a1c01bbd47fc00a2c39e90264f33305004495a9","hash":"caa1f0c4fdd9548c02299e9b31455f952b1affe2"}
}
